Assuming unrestricted shared filesystem usage.
host: scc-507
Building DAG of jobs...
Using shell: /bin/bash
Provided cores: 1 (use --cores to define parallelism)
Rules claiming more threads will be scaled down.
Provided resources: gpu=1
Job stats:
job                        count
-----------------------  -------
aggregate_results              1
all                            1
build_graph                    1
compute_umap                   1
encode_features                1
integrate_celldiffusion        1
integrate_gcn                  1
plot_umap                      1
preprocess                     1
scib_evaluation                1
scib_evaluation_plot           1
total                         11

Select jobs to execute...
Execute 1 jobs...
[Sun Dec 28 12:49:37 2025]
localrule preprocess:
    input: /projectnb/czlab/A00/ycliu/scRNA_integration_benchmark_datasets/PBMC10K_rm100pct/pbmc10k_rm100pct.h5ad
    output: /projectnb/czproj/Algorithms/ycliu/Private_CellDiffusion/data/outputs/celldiffusion_vs_gcn_4/pbmc10k_rm100pct/preprocessed.h5ad
    jobid: 5
    reason: Missing output files: /projectnb/czproj/Algorithms/ycliu/Private_CellDiffusion/data/outputs/celldiffusion_vs_gcn_4/pbmc10k_rm100pct/preprocessed.h5ad
    resources: tmpdir=/scratch/2460558.1.czcb-buyin
[Sun Dec 28 12:49:40 2025]
Finished jobid: 5 (Rule: preprocess)
1 of 11 steps (9%) done
Select jobs to execute...
Execute 1 jobs...
[Sun Dec 28 12:49:40 2025]
localrule encode_features:
    input: /projectnb/czproj/Algorithms/ycliu/Private_CellDiffusion/data/outputs/celldiffusion_vs_gcn_4/pbmc10k_rm100pct/preprocessed.h5ad
    output: /projectnb/czproj/Algorithms/ycliu/Private_CellDiffusion/data/outputs/celldiffusion_vs_gcn_4/pbmc10k_rm100pct/encoded.h5ad
    jobid: 4
    reason: Missing output files: /projectnb/czproj/Algorithms/ycliu/Private_CellDiffusion/data/outputs/celldiffusion_vs_gcn_4/pbmc10k_rm100pct/encoded.h5ad; Input files updated by another job: /projectnb/czproj/Algorithms/ycliu/Private_CellDiffusion/data/outputs/celldiffusion_vs_gcn_4/pbmc10k_rm100pct/preprocessed.h5ad
    resources: tmpdir=/scratch/2460558.1.czcb-buyin, gpu=1
[Sun Dec 28 12:50:15 2025]
Finished jobid: 4 (Rule: encode_features)
2 of 11 steps (18%) done
Select jobs to execute...
Execute 1 jobs...
[Sun Dec 28 12:50:15 2025]
localrule build_graph:
    input: /projectnb/czproj/Algorithms/ycliu/Private_CellDiffusion/data/outputs/celldiffusion_vs_gcn_4/pbmc10k_rm100pct/encoded.h5ad
    output: /projectnb/czproj/Algorithms/ycliu/Private_CellDiffusion/data/outputs/celldiffusion_vs_gcn_4/pbmc10k_rm100pct/data_with_graph.h5ad
    jobid: 3
    reason: Missing output files: /projectnb/czproj/Algorithms/ycliu/Private_CellDiffusion/data/outputs/celldiffusion_vs_gcn_4/pbmc10k_rm100pct/data_with_graph.h5ad; Input files updated by another job: /projectnb/czproj/Algorithms/ycliu/Private_CellDiffusion/data/outputs/celldiffusion_vs_gcn_4/pbmc10k_rm100pct/encoded.h5ad
    resources: tmpdir=/scratch/2460558.1.czcb-buyin, gpu=1
[Sun Dec 28 12:50:29 2025]
Finished jobid: 3 (Rule: build_graph)
3 of 11 steps (27%) done
Select jobs to execute...
Execute 2 jobs...
[Sun Dec 28 12:50:29 2025]
localrule integrate_celldiffusion:
    input: /projectnb/czproj/Algorithms/ycliu/Private_CellDiffusion/data/outputs/celldiffusion_vs_gcn_4/pbmc10k_rm100pct/data_with_graph.h5ad
    output: /projectnb/czproj/Algorithms/ycliu/Private_CellDiffusion/data/outputs/celldiffusion_vs_gcn_4/pbmc10k_rm100pct/celldiffusion_integrated.h5ad
    jobid: 2
    reason: Missing output files: /projectnb/czproj/Algorithms/ycliu/Private_CellDiffusion/data/outputs/celldiffusion_vs_gcn_4/pbmc10k_rm100pct/celldiffusion_integrated.h5ad; Input files updated by another job: /projectnb/czproj/Algorithms/ycliu/Private_CellDiffusion/data/outputs/celldiffusion_vs_gcn_4/pbmc10k_rm100pct/data_with_graph.h5ad
    resources: tmpdir=/scratch/2460558.1.czcb-buyin, gpu=1
[Sun Dec 28 12:50:29 2025]
localrule integrate_gcn:
    input: /projectnb/czproj/Algorithms/ycliu/Private_CellDiffusion/data/outputs/celldiffusion_vs_gcn_4/pbmc10k_rm100pct/data_with_graph.h5ad
    output: /projectnb/czproj/Algorithms/ycliu/Private_CellDiffusion/data/outputs/celldiffusion_vs_gcn_4/pbmc10k_rm100pct/gcn_integrated.h5ad
    jobid: 6
    reason: Missing output files: /projectnb/czproj/Algorithms/ycliu/Private_CellDiffusion/data/outputs/celldiffusion_vs_gcn_4/pbmc10k_rm100pct/gcn_integrated.h5ad; Input files updated by another job: /projectnb/czproj/Algorithms/ycliu/Private_CellDiffusion/data/outputs/celldiffusion_vs_gcn_4/pbmc10k_rm100pct/data_with_graph.h5ad
    resources: tmpdir=/scratch/2460558.1.czcb-buyin, gpu=1
[Sun Dec 28 12:50:53 2025]
Finished jobid: 6 (Rule: integrate_gcn)
4 of 11 steps (36%) done
[Sun Dec 28 12:53:59 2025]
Finished jobid: 2 (Rule: integrate_celldiffusion)
5 of 11 steps (45%) done
Select jobs to execute...
Execute 1 jobs...
[Sun Dec 28 12:53:59 2025]
localrule aggregate_results:
    input: /projectnb/czproj/Algorithms/ycliu/Private_CellDiffusion/data/outputs/celldiffusion_vs_gcn_4/pbmc10k_rm100pct/celldiffusion_integrated.h5ad, /projectnb/czproj/Algorithms/ycliu/Private_CellDiffusion/data/outputs/celldiffusion_vs_gcn_4/pbmc10k_rm100pct/gcn_integrated.h5ad
    output: /projectnb/czproj/Algorithms/ycliu/Private_CellDiffusion/data/outputs/celldiffusion_vs_gcn_4/pbmc10k_rm100pct/final_integrated.h5ad
    jobid: 1
    reason: Missing output files: /projectnb/czproj/Algorithms/ycliu/Private_CellDiffusion/data/outputs/celldiffusion_vs_gcn_4/pbmc10k_rm100pct/final_integrated.h5ad; Input files updated by another job: /projectnb/czproj/Algorithms/ycliu/Private_CellDiffusion/data/outputs/celldiffusion_vs_gcn_4/pbmc10k_rm100pct/gcn_integrated.h5ad, /projectnb/czproj/Algorithms/ycliu/Private_CellDiffusion/data/outputs/celldiffusion_vs_gcn_4/pbmc10k_rm100pct/celldiffusion_integrated.h5ad
    resources: tmpdir=/scratch/2460558.1.czcb-buyin
[Sun Dec 28 12:54:02 2025]
Finished jobid: 1 (Rule: aggregate_results)
6 of 11 steps (55%) done
Select jobs to execute...
Execute 2 jobs...
[Sun Dec 28 12:54:02 2025]
localrule scib_evaluation:
    input: /projectnb/czproj/Algorithms/ycliu/Private_CellDiffusion/data/outputs/celldiffusion_vs_gcn_4/pbmc10k_rm100pct/final_integrated.h5ad
    output: /projectnb/czproj/Algorithms/ycliu/Private_CellDiffusion/data/outputs/celldiffusion_vs_gcn_4/pbmc10k_rm100pct/scib_benchmarker.pkl, /projectnb/czproj/Algorithms/ycliu/Private_CellDiffusion/data/outputs/celldiffusion_vs_gcn_4/pbmc10k_rm100pct/scib_results_table.csv, /projectnb/czproj/Algorithms/ycliu/Private_CellDiffusion/data/outputs/celldiffusion_vs_gcn_4/pbmc10k_rm100pct/scib_results_table_plot.pdf
    jobid: 9
    reason: Missing output files: /projectnb/czproj/Algorithms/ycliu/Private_CellDiffusion/data/outputs/celldiffusion_vs_gcn_4/pbmc10k_rm100pct/scib_results_table.csv, /projectnb/czproj/Algorithms/ycliu/Private_CellDiffusion/data/outputs/celldiffusion_vs_gcn_4/pbmc10k_rm100pct/scib_results_table_plot.pdf, /projectnb/czproj/Algorithms/ycliu/Private_CellDiffusion/data/outputs/celldiffusion_vs_gcn_4/pbmc10k_rm100pct/scib_benchmarker.pkl; Input files updated by another job: /projectnb/czproj/Algorithms/ycliu/Private_CellDiffusion/data/outputs/celldiffusion_vs_gcn_4/pbmc10k_rm100pct/final_integrated.h5ad
    resources: tmpdir=/scratch/2460558.1.czcb-buyin
[Sun Dec 28 12:54:02 2025]
localrule compute_umap:
    input: /projectnb/czproj/Algorithms/ycliu/Private_CellDiffusion/data/outputs/celldiffusion_vs_gcn_4/pbmc10k_rm100pct/final_integrated.h5ad
    output: /projectnb/czproj/Algorithms/ycliu/Private_CellDiffusion/data/outputs/celldiffusion_vs_gcn_4/pbmc10k_rm100pct/data_with_umap.h5ad
    jobid: 8
    reason: Missing output files: /projectnb/czproj/Algorithms/ycliu/Private_CellDiffusion/data/outputs/celldiffusion_vs_gcn_4/pbmc10k_rm100pct/data_with_umap.h5ad; Input files updated by another job: /projectnb/czproj/Algorithms/ycliu/Private_CellDiffusion/data/outputs/celldiffusion_vs_gcn_4/pbmc10k_rm100pct/final_integrated.h5ad
    resources: tmpdir=/scratch/2460558.1.czcb-buyin
[Sun Dec 28 12:54:49 2025]
Finished jobid: 9 (Rule: scib_evaluation)
7 of 11 steps (64%) done
Select jobs to execute...
Execute 1 jobs...
[Sun Dec 28 12:54:49 2025]
localrule scib_evaluation_plot:
    input: /projectnb/czproj/Algorithms/ycliu/Private_CellDiffusion/data/outputs/celldiffusion_vs_gcn_4/pbmc10k_rm100pct/scib_results_table.csv
    output: /projectnb/czproj/Algorithms/ycliu/Private_CellDiffusion/data/outputs/celldiffusion_vs_gcn_4/pbmc10k_rm100pct/scib_comparison_barplot.pdf
    jobid: 10
    reason: Missing output files: /projectnb/czproj/Algorithms/ycliu/Private_CellDiffusion/data/outputs/celldiffusion_vs_gcn_4/pbmc10k_rm100pct/scib_comparison_barplot.pdf; Input files updated by another job: /projectnb/czproj/Algorithms/ycliu/Private_CellDiffusion/data/outputs/celldiffusion_vs_gcn_4/pbmc10k_rm100pct/scib_results_table.csv
    resources: tmpdir=/scratch/2460558.1.czcb-buyin
[Sun Dec 28 12:54:49 2025]
Finished jobid: 10 (Rule: scib_evaluation_plot)
8 of 11 steps (73%) done
[Sun Dec 28 12:55:01 2025]
Finished jobid: 8 (Rule: compute_umap)
9 of 11 steps (82%) done
Select jobs to execute...
Execute 1 jobs...
[Sun Dec 28 12:55:01 2025]
localrule plot_umap:
    input: /projectnb/czproj/Algorithms/ycliu/Private_CellDiffusion/data/outputs/celldiffusion_vs_gcn_4/pbmc10k_rm100pct/data_with_umap.h5ad
    output: /projectnb/czproj/Algorithms/ycliu/Private_CellDiffusion/data/outputs/celldiffusion_vs_gcn_4/pbmc10k_rm100pct/umap_plot.pdf
    jobid: 7
    reason: Missing output files: /projectnb/czproj/Algorithms/ycliu/Private_CellDiffusion/data/outputs/celldiffusion_vs_gcn_4/pbmc10k_rm100pct/umap_plot.pdf; Input files updated by another job: /projectnb/czproj/Algorithms/ycliu/Private_CellDiffusion/data/outputs/celldiffusion_vs_gcn_4/pbmc10k_rm100pct/data_with_umap.h5ad
    resources: tmpdir=/scratch/2460558.1.czcb-buyin
[Sun Dec 28 12:55:05 2025]
Finished jobid: 7 (Rule: plot_umap)
10 of 11 steps (91%) done
Select jobs to execute...
Execute 1 jobs...
[Sun Dec 28 12:55:05 2025]
localrule all:
    input: /projectnb/czproj/Algorithms/ycliu/Private_CellDiffusion/data/outputs/celldiffusion_vs_gcn_4/pbmc10k_rm100pct/final_integrated.h5ad, /projectnb/czproj/Algorithms/ycliu/Private_CellDiffusion/data/outputs/celldiffusion_vs_gcn_4/pbmc10k_rm100pct/umap_plot.pdf, /projectnb/czproj/Algorithms/ycliu/Private_CellDiffusion/data/outputs/celldiffusion_vs_gcn_4/pbmc10k_rm100pct/scib_results_table.csv, /projectnb/czproj/Algorithms/ycliu/Private_CellDiffusion/data/outputs/celldiffusion_vs_gcn_4/pbmc10k_rm100pct/scib_benchmarker.pkl, /projectnb/czproj/Algorithms/ycliu/Private_CellDiffusion/data/outputs/celldiffusion_vs_gcn_4/pbmc10k_rm100pct/scib_results_table_plot.pdf, /projectnb/czproj/Algorithms/ycliu/Private_CellDiffusion/data/outputs/celldiffusion_vs_gcn_4/pbmc10k_rm100pct/scib_comparison_barplot.pdf
    jobid: 0
    reason: Input files updated by another job: /projectnb/czproj/Algorithms/ycliu/Private_CellDiffusion/data/outputs/celldiffusion_vs_gcn_4/pbmc10k_rm100pct/scib_results_table.csv, /projectnb/czproj/Algorithms/ycliu/Private_CellDiffusion/data/outputs/celldiffusion_vs_gcn_4/pbmc10k_rm100pct/scib_comparison_barplot.pdf, /projectnb/czproj/Algorithms/ycliu/Private_CellDiffusion/data/outputs/celldiffusion_vs_gcn_4/pbmc10k_rm100pct/final_integrated.h5ad, /projectnb/czproj/Algorithms/ycliu/Private_CellDiffusion/data/outputs/celldiffusion_vs_gcn_4/pbmc10k_rm100pct/scib_benchmarker.pkl, /projectnb/czproj/Algorithms/ycliu/Private_CellDiffusion/data/outputs/celldiffusion_vs_gcn_4/pbmc10k_rm100pct/scib_results_table_plot.pdf, /projectnb/czproj/Algorithms/ycliu/Private_CellDiffusion/data/outputs/celldiffusion_vs_gcn_4/pbmc10k_rm100pct/umap_plot.pdf
    resources: tmpdir=/scratch/2460558.1.czcb-buyin
[Sun Dec 28 12:55:05 2025]
Finished jobid: 0 (Rule: all)
11 of 11 steps (100%) done
Complete log(s): /projectnb/czproj/Algorithms/ycliu/Private_CellDiffusion/PL_GCN/.snakemake/log/2025-12-28T124937.132637.snakemake.log
